<?xml version="1.0" encoding="UTF-8"?>
<!-- Generated by org.testng.reporters.JUnitReportReporter -->
<testsuite skipped="0" hostname="LAPTOP-IIS64SBI" name="testcases.DeleteLead" tests="1" failures="0" timestamp="2021-03-28T12:08:29 IST" time="21.791" errors="0">
  <testcase name="DeleteLead_Execution" time="21.791" classname="testcases.DeleteLead"/>
  <system-out/>
</testsuite> <!-- testcases.DeleteLead -->
