<?xml version="1.0" encoding="UTF-8"?>
<!-- Generated by org.testng.reporters.JUnitReportReporter -->
<testsuite skipped="0" hostname="LAPTOP-IIS64SBI" name="testcases.CreateLead" tests="5" failures="0" timestamp="2021-03-28T12:08:29 IST" time="55.458" errors="0">
  <testcase name="Create_Lead" time="22.803" classname="testcases.CreateLead"/>
  <system-out/>
  <testcase name="Create_Lead" time="7.297" classname="testcases.CreateLead"/>
  <system-out/>
  <testcase name="Create_Lead" time="9.849" classname="testcases.CreateLead"/>
  <system-out/>
  <testcase name="Create_Lead" time="8.058" classname="testcases.CreateLead"/>
  <system-out/>
  <testcase name="Create_Lead" time="7.451" classname="testcases.CreateLead"/>
  <system-out/>
</testsuite> <!-- testcases.CreateLead -->
