<?xml version="1.0" encoding="UTF-8"?>
<!-- Generated by org.testng.reporters.JUnitReportReporter -->
<testsuite skipped="0" hostname="LAPTOP-IIS64SBI" name="testcases.DuplicateLead" tests="1" failures="0" timestamp="2021-03-28T12:08:29 IST" time="26.961" errors="0">
  <testcase name="Duplicate_LeadExecution" time="26.961" classname="testcases.DuplicateLead"/>
  <system-out/>
</testsuite> <!-- testcases.DuplicateLead -->
