<?xml version="1.0" encoding="UTF-8"?>
<!-- Generated by org.testng.reporters.JUnitReportReporter -->
<testsuite skipped="0" hostname="LAPTOP-IIS64SBI" name="testcases.EditLead" tests="1" failures="0" timestamp="2021-03-28T12:08:29 IST" time="25.574" errors="0">
  <testcase name="EditLeadTC" time="25.574" classname="testcases.EditLead"/>
  <system-out/>
</testsuite> <!-- testcases.EditLead -->
